[debug] [2023-02-01T15:07:34.224Z] ----------------------------------------------------------------------
[debug] [2023-02-01T15:07:34.233Z] Command:       D:\Users\kanta13jp\scoop\apps\nodejs16\current\node.exe D:\Users\kanta13jp\scoop\apps\nodejs16\current\bin\node_modules\firebase-tools\lib\bin\firebase.js deploy
[debug] [2023-02-01T15:07:34.246Z] CLI Version:   11.21.0
[debug] [2023-02-01T15:07:34.246Z] Platform:      win32
[debug] [2023-02-01T15:07:34.246Z] Node Version:  v16.18.1
[debug] [2023-02-01T15:07:34.260Z] Time:          Thu Feb 02 2023 00:07:34 GMT+0900 (日本標準時)
[debug] [2023-02-01T15:07:34.262Z] ----------------------------------------------------------------------
[debug] 
[debug] [2023-02-01T15:07:34.445Z] > command requires scopes: ["email","openid","https://www.googleapis.com/auth/cloudplatformprojects.readonly","https://www.googleapis.com/auth/firebase","https://www.googleapis.com/auth/cloud-platform"]
[debug] [2023-02-01T15:07:34.447Z] > authorizing via signed-in user (kanta13jp@gmail.com)
[debug] [2023-02-01T15:07:34.448Z] [iam] checking project angular-hosting-fd147 for permissions ["cloudfunctions.functions.create","cloudfunctions.functions.delete","cloudfunctions.functions.get","cloudfunctions.functions.list","cloudfunctions.functions.update","cloudfunctions.operations.get","datastore.indexes.create","datastore.indexes.delete","datastore.indexes.list","datastore.indexes.update","firebase.projects.get","firebasedatabase.instances.update","firebasehosting.sites.update","firebaserules.releases.create","firebaserules.releases.update","firebaserules.rulesets.create"]
[debug] [2023-02-01T15:07:34.450Z] > refreshing access token with scopes: []
[debug] [2023-02-01T15:07:34.453Z] >>> [apiv2][query] POST https://www.googleapis.com/oauth2/v3/token [none]
[debug] [2023-02-01T15:07:34.453Z] >>> [apiv2][body] POST https://www.googleapis.com/oauth2/v3/token [omitted]
[debug] [2023-02-01T15:07:34.880Z] <<< [apiv2][status] POST https://www.googleapis.com/oauth2/v3/token 200
[debug] [2023-02-01T15:07:34.881Z] <<< [apiv2][body] POST https://www.googleapis.com/oauth2/v3/token [omitted]
[debug] [2023-02-01T15:07:34.913Z] >>> [apiv2][query] POST https://cloudresourcemanager.googleapis.com/v1/projects/angular-hosting-fd147:testIamPermissions [none]
[debug] [2023-02-01T15:07:34.914Z] >>> [apiv2][(partial)header] POST https://cloudresourcemanager.googleapis.com/v1/projects/angular-hosting-fd147:testIamPermissions x-goog-quota-user=projects/angular-hosting-fd147
[debug] [2023-02-01T15:07:34.914Z] >>> [apiv2][body] POST https://cloudresourcemanager.googleapis.com/v1/projects/angular-hosting-fd147:testIamPermissions {"permissions":["cloudfunctions.functions.create","cloudfunctions.functions.delete","cloudfunctions.functions.get","cloudfunctions.functions.list","cloudfunctions.functions.update","cloudfunctions.operations.get","datastore.indexes.create","datastore.indexes.delete","datastore.indexes.list","datastore.indexes.update","firebase.projects.get","firebasedatabase.instances.update","firebasehosting.sites.update","firebaserules.releases.create","firebaserules.releases.update","firebaserules.rulesets.create"]}
[debug] [2023-02-01T15:07:35.550Z] <<< [apiv2][status] POST https://cloudresourcemanager.googleapis.com/v1/projects/angular-hosting-fd147:testIamPermissions 200
[debug] [2023-02-01T15:07:35.550Z] <<< [apiv2][body] POST https://cloudresourcemanager.googleapis.com/v1/projects/angular-hosting-fd147:testIamPermissions {"permissions":["cloudfunctions.functions.create","cloudfunctions.functions.delete","cloudfunctions.functions.get","cloudfunctions.functions.list","cloudfunctions.functions.update","cloudfunctions.operations.get","datastore.indexes.create","datastore.indexes.delete","datastore.indexes.list","datastore.indexes.update","firebase.projects.get","firebasedatabase.instances.update","firebasehosting.sites.update","firebaserules.releases.create","firebaserules.releases.update","firebaserules.rulesets.create"]}
[debug] [2023-02-01T15:07:35.551Z] >>> [apiv2][query] POST https://iam.googleapis.com/v1/projects/angular-hosting-fd147/serviceAccounts/angular-hosting-fd147@appspot.gserviceaccount.com:testIamPermissions [none]
[debug] [2023-02-01T15:07:35.551Z] >>> [apiv2][body] POST https://iam.googleapis.com/v1/projects/angular-hosting-fd147/serviceAccounts/angular-hosting-fd147@appspot.gserviceaccount.com:testIamPermissions {"permissions":["iam.serviceAccounts.actAs"]}
[debug] [2023-02-01T15:07:36.266Z] <<< [apiv2][status] POST https://iam.googleapis.com/v1/projects/angular-hosting-fd147/serviceAccounts/angular-hosting-fd147@appspot.gserviceaccount.com:testIamPermissions 200
[debug] [2023-02-01T15:07:36.266Z] <<< [apiv2][body] POST https://iam.googleapis.com/v1/projects/angular-hosting-fd147/serviceAccounts/angular-hosting-fd147@appspot.gserviceaccount.com:testIamPermissions {"permissions":["iam.serviceAccounts.actAs"]}
[debug] [2023-02-01T15:07:36.268Z] >>> [apiv2][query] GET https://firebase.googleapis.com/v1beta1/projects/angular-hosting-fd147 [none]
[debug] [2023-02-01T15:07:36.588Z] <<< [apiv2][status] GET https://firebase.googleapis.com/v1beta1/projects/angular-hosting-fd147 200
[debug] [2023-02-01T15:07:36.589Z] <<< [apiv2][body] GET https://firebase.googleapis.com/v1beta1/projects/angular-hosting-fd147 {"projectId":"angular-hosting-fd147","projectNumber":"670937178787","displayName":"angular-hosting","name":"projects/angular-hosting-fd147","resources":{"hostingSite":"angular-hosting-fd147","realtimeDatabaseInstance":"angular-hosting-fd147-default-rtdb","storageBucket":"angular-hosting-fd147.appspot.com","locationId":"us-central"},"state":"ACTIVE","etag":"1_d6c48044-dedb-40b5-9722-c9e69c59ff50"}
[debug] [2023-02-01T15:07:36.589Z] >>> [apiv2][query] GET https://firebase.googleapis.com/v1beta1/projects/angular-hosting-fd147 [none]
[debug] [2023-02-01T15:07:36.945Z] <<< [apiv2][status] GET https://firebase.googleapis.com/v1beta1/projects/angular-hosting-fd147 200
[debug] [2023-02-01T15:07:36.946Z] <<< [apiv2][body] GET https://firebase.googleapis.com/v1beta1/projects/angular-hosting-fd147 {"projectId":"angular-hosting-fd147","projectNumber":"670937178787","displayName":"angular-hosting","name":"projects/angular-hosting-fd147","resources":{"hostingSite":"angular-hosting-fd147","realtimeDatabaseInstance":"angular-hosting-fd147-default-rtdb","storageBucket":"angular-hosting-fd147.appspot.com","locationId":"us-central"},"state":"ACTIVE","etag":"1_d6c48044-dedb-40b5-9722-c9e69c59ff50"}
[info] 
[info] === Deploying to 'angular-hosting-fd147'...
[info] 
[info] i  deploying database, storage, firestore, functions, hosting 
[info] Running command: npm --prefix "$RESOURCE_DIR" run lint
